/home/ilya-trushkin/ros2_module4/src/ex2/install/ex2/lib/python3.12/site-packages/ex2/__init__.py
/home/ilya-trushkin/ros2_module4/src/ex2/install/ex2/lib/python3.12/site-packages/ex2/dynamic_carrot_frame_broadcaster.py
/home/ilya-trushkin/ros2_module4/src/ex2/install/ex2/lib/python3.12/site-packages/ex2/carrot_follower.py
/home/ilya-trushkin/ros2_module4/src/ex2/install/ex2/lib/python3.12/site-packages/ex2/turtle_tf2_broadcaster.py
/home/ilya-trushkin/ros2_module4/src/ex2/install/ex2/lib/python3.12/site-packages/ex2/__pycache__/__init__.cpython-312.pyc
/home/ilya-trushkin/ros2_module4/src/ex2/install/ex2/lib/python3.12/site-packages/ex2/__pycache__/dynamic_carrot_frame_broadcaster.cpython-312.pyc
/home/ilya-trushkin/ros2_module4/src/ex2/install/ex2/lib/python3.12/site-packages/ex2/__pycache__/carrot_follower.cpython-312.pyc
/home/ilya-trushkin/ros2_module4/src/ex2/install/ex2/lib/python3.12/site-packages/ex2/__pycache__/turtle_tf2_broadcaster.cpython-312.pyc
/home/ilya-trushkin/ros2_module4/src/ex2/install/ex2/share/ament_index/resource_index/packages/ex2
/home/ilya-trushkin/ros2_module4/src/ex2/install/ex2/share/ex2/package.xml
/home/ilya-trushkin/ros2_module4/src/ex2/install/ex2/share/ex2/launch/ex2_launch.py
/home/ilya-trushkin/ros2_module4/src/ex2/install/ex2/share/ex2/config/carrot.rviz
/home/ilya-trushkin/ros2_module4/src/ex2/install/ex2/lib/python3.12/site-packages/ex2-0.0.0-py3.12.egg-info/entry_points.txt
/home/ilya-trushkin/ros2_module4/src/ex2/install/ex2/lib/python3.12/site-packages/ex2-0.0.0-py3.12.egg-info/PKG-INFO
/home/ilya-trushkin/ros2_module4/src/ex2/install/ex2/lib/python3.12/site-packages/ex2-0.0.0-py3.12.egg-info/top_level.txt
/home/ilya-trushkin/ros2_module4/src/ex2/install/ex2/lib/python3.12/site-packages/ex2-0.0.0-py3.12.egg-info/dependency_links.txt
/home/ilya-trushkin/ros2_module4/src/ex2/install/ex2/lib/python3.12/site-packages/ex2-0.0.0-py3.12.egg-info/zip-safe
/home/ilya-trushkin/ros2_module4/src/ex2/install/ex2/lib/python3.12/site-packages/ex2-0.0.0-py3.12.egg-info/SOURCES.txt
/home/ilya-trushkin/ros2_module4/src/ex2/install/ex2/lib/python3.12/site-packages/ex2-0.0.0-py3.12.egg-info/requires.txt
/home/ilya-trushkin/ros2_module4/src/ex2/install/ex2/lib/ex2/carrot_broadcaster
/home/ilya-trushkin/ros2_module4/src/ex2/install/ex2/lib/ex2/carrot_follower
/home/ilya-trushkin/ros2_module4/src/ex2/install/ex2/lib/ex2/turtle_tf2_broadcaster
